android/app/build/intermediates/manifest_merge_blame_file/debug/processDebugMainManifest/manifest-merger-blame-debug-report.txt
1<?xml version="1.0" encoding="utf-8"?>
2<manifest xmlns:android="http://schemas.android.com/apk/res/android"
3    package="com.alito.mantenimiento"
4    android:versionCode="1"
5    android:versionName="1.0" >
6
7    <uses-sdk
8        android:minSdkVersion="23"
9        android:targetSdkVersion="35" />
10
11    <!-- Permissions -->
12    <uses-permission android:name="android.permission.INTERNET" />
12-->src\main\AndroidManifest.xml:52:5-67
12-->src\main\AndroidManifest.xml:52:22-64
13    <uses-permission android:name="android.permission.ACCESS_NETWORK_STATE" />
13-->src\main\AndroidManifest.xml:53:5-79
13-->src\main\AndroidManifest.xml:53:22-76
14    <uses-permission android:name="android.permission.VIBRATE" />
14-->src\main\AndroidManifest.xml:54:5-66
14-->src\main\AndroidManifest.xml:54:22-63
15
16    <!-- Features -->
17    <uses-feature
17-->src\main\AndroidManifest.xml:57:5-89
18        android:name="android.hardware.touchscreen"
18-->src\main\AndroidManifest.xml:57:19-62
19        android:required="true" />
19-->src\main\AndroidManifest.xml:57:63-86
20
21    <permission
21-->[androidx.core:core:1.15.0] AndroidManifest.xml:22:5-24:47
22        android:name="com.alito.mantenimiento.DYNAMIC_RECEIVER_NOT_EXPORTED_PERMISSION"
22-->[androidx.core:core:1.15.0] AndroidManifest.xml:23:9-81
23        android:protectionLevel="signature" />
23-->[androidx.core:core:1.15.0] AndroidManifest.xml:24:9-44
24
25    <uses-permission android:name="com.alito.mantenimiento.DYNAMIC_RECEIVER_NOT_EXPORTED_PERMISSION" />
25-->[androidx.core:core:1.15.0] AndroidManifest.xml:26:5-97
25-->[androidx.core:core:1.15.0] AndroidManifest.xml:26:22-94
26
27    <application
27-->src\main\AndroidManifest.xml:4:5-49:19
28        android:allowBackup="true"
28-->src\main\AndroidManifest.xml:5:9-35
29        android:appComponentFactory="androidx.core.app.CoreComponentFactory"
29-->[androidx.core:core:1.15.0] AndroidManifest.xml:28:18-86
30        android:debuggable="true"
31        android:extractNativeLibs="false"
32        android:hardwareAccelerated="true"
32-->src\main\AndroidManifest.xml:11:9-43
33        android:icon="@mipmap/ic_launcher"
33-->src\main\AndroidManifest.xml:6:9-43
34        android:label="@string/app_name"
34-->src\main\AndroidManifest.xml:7:9-41
35        android:largeHeap="true"
35-->src\main\AndroidManifest.xml:12:9-33
36        android:roundIcon="@mipmap/ic_launcher_round"
36-->src\main\AndroidManifest.xml:8:9-54
37        android:supportsRtl="true"
37-->src\main\AndroidManifest.xml:9:9-35
38        android:testOnly="true"
39        android:theme="@style/AppTheme"
39-->src\main\AndroidManifest.xml:10:9-40
40        android:usesCleartextTraffic="false" >
40-->src\main\AndroidManifest.xml:13:9-45
41        <activity
41-->src\main\AndroidManifest.xml:15:9-38:20
42            android:name="com.alito.mantenimiento.MainActivity"
42-->src\main\AndroidManifest.xml:17:13-41
43            android:configChanges="orientation|keyboardHidden|keyboard|screenSize|locale|smallestScreenSize|screenLayout|uiMode|navigation|density"
43-->src\main\AndroidManifest.xml:16:13-148
44            android:exported="true"
44-->src\main\AndroidManifest.xml:21:13-36
45            android:label="@string/title_activity_main"
45-->src\main\AndroidManifest.xml:18:13-56
46            android:launchMode="singleTask"
46-->src\main\AndroidManifest.xml:20:13-44
47            android:screenOrientation="portrait"
47-->src\main\AndroidManifest.xml:22:13-49
48            android:theme="@style/AppTheme.NoActionBarLaunch"
48-->src\main\AndroidManifest.xml:19:13-62
49            android:windowSoftInputMode="adjustResize" >
49-->src\main\AndroidManifest.xml:23:13-55
50            <intent-filter>
50-->src\main\AndroidManifest.xml:25:13-28:29
51                <action android:name="android.intent.action.MAIN" />
51-->src\main\AndroidManifest.xml:26:17-69
51-->src\main\AndroidManifest.xml:26:25-66
52
53                <category android:name="android.intent.category.LAUNCHER" />
53-->src\main\AndroidManifest.xml:27:17-77
53-->src\main\AndroidManifest.xml:27:27-74
54            </intent-filter>
55
56            <!-- Deep Links -->
57            <intent-filter android:autoVerify="true" >
57-->src\main\AndroidManifest.xml:31:13-36:29
57-->src\main\AndroidManifest.xml:31:28-53
58                <action android:name="android.intent.action.VIEW" />
58-->src\main\AndroidManifest.xml:32:17-69
58-->src\main\AndroidManifest.xml:32:25-66
59
60                <category android:name="android.intent.category.DEFAULT" />
60-->src\main\AndroidManifest.xml:33:17-76
60-->src\main\AndroidManifest.xml:33:27-73
61                <category android:name="android.intent.category.BROWSABLE" />
61-->src\main\AndroidManifest.xml:34:17-78
61-->src\main\AndroidManifest.xml:34:27-75
62
63                <data
63-->src\main\AndroidManifest.xml:35:17-67
64                    android:host="app"
64-->src\main\AndroidManifest.xml:35:46-64
65                    android:scheme="alito" />
65-->src\main\AndroidManifest.xml:35:23-45
66            </intent-filter>
67        </activity>
68
69        <provider
70            android:name="androidx.core.content.FileProvider"
70-->src\main\AndroidManifest.xml:41:13-62
71            android:authorities="com.alito.mantenimiento.fileprovider"
71-->src\main\AndroidManifest.xml:42:13-64
72            android:exported="false"
72-->src\main\AndroidManifest.xml:43:13-37
73            android:grantUriPermissions="true" >
73-->src\main\AndroidManifest.xml:44:13-47
74            <meta-data
74-->src\main\AndroidManifest.xml:45:13-47:64
75                android:name="android.support.FILE_PROVIDER_PATHS"
75-->src\main\AndroidManifest.xml:46:17-67
76                android:resource="@xml/file_paths" />
76-->src\main\AndroidManifest.xml:47:17-51
77        </provider>
78        <provider
78-->[androidx.emoji2:emoji2:1.3.0] AndroidManifest.xml:24:9-32:20
79            android:name="androidx.startup.InitializationProvider"
79-->[androidx.emoji2:emoji2:1.3.0] AndroidManifest.xml:25:13-67
80            android:authorities="com.alito.mantenimiento.androidx-startup"
80-->[androidx.emoji2:emoji2:1.3.0] AndroidManifest.xml:26:13-68
81            android:exported="false" >
81-->[androidx.emoji2:emoji2:1.3.0] AndroidManifest.xml:27:13-37
82            <meta-data
82-->[androidx.emoji2:emoji2:1.3.0] AndroidManifest.xml:29:13-31:52
83                android:name="androidx.emoji2.text.EmojiCompatInitializer"
83-->[androidx.emoji2:emoji2:1.3.0] AndroidManifest.xml:30:17-75
84                android:value="androidx.startup" />
84-->[androidx.emoji2:emoji2:1.3.0] AndroidManifest.xml:31:17-49
85            <meta-data
85-->[androidx.lifecycle:lifecycle-process:2.6.2] AndroidManifest.xml:29:13-31:52
86                android:name="androidx.lifecycle.ProcessLifecycleInitializer"
86-->[androidx.lifecycle:lifecycle-process:2.6.2] AndroidManifest.xml:30:17-78
87                android:value="androidx.startup" />
87-->[androidx.lifecycle:lifecycle-process:2.6.2] AndroidManifest.xml:31:17-49
88            <meta-data
88-->[androidx.profileinstaller:profileinstaller:1.3.1] AndroidManifest.xml:29:13-31:52
89                android:name="androidx.profileinstaller.ProfileInstallerInitializer"
89-->[androidx.profileinstaller:profileinstaller:1.3.1] AndroidManifest.xml:30:17-85
90                android:value="androidx.startup" />
90-->[androidx.profileinstaller:profileinstaller:1.3.1] AndroidManifest.xml:31:17-49
91        </provider>
92
93        <receiver
93-->[androidx.profileinstaller:profileinstaller:1.3.1] AndroidManifest.xml:34:9-52:20
94            android:name="androidx.profileinstaller.ProfileInstallReceiver"
94-->[androidx.profileinstaller:profileinstaller:1.3.1] AndroidManifest.xml:35:13-76
95            android:directBootAware="false"
95-->[androidx.profileinstaller:profileinstaller:1.3.1] AndroidManifest.xml:36:13-44
96            android:enabled="true"
96-->[androidx.profileinstaller:profileinstaller:1.3.1] AndroidManifest.xml:37:13-35
97            android:exported="true"
97-->[androidx.profileinstaller:profileinstaller:1.3.1] AndroidManifest.xml:38:13-36
98            android:permission="android.permission.DUMP" >
98-->[androidx.profileinstaller:profileinstaller:1.3.1] AndroidManifest.xml:39:13-57
99            <intent-filter>
99-->[androidx.profileinstaller:profileinstaller:1.3.1] AndroidManifest.xml:40:13-42:29
100                <action android:name="androidx.profileinstaller.action.INSTALL_PROFILE" />
100-->[androidx.profileinstaller:profileinstaller:1.3.1] AndroidManifest.xml:41:17-91
100-->[androidx.profileinstaller:profileinstaller:1.3.1] AndroidManifest.xml:41:25-88
101            </intent-filter>
102            <intent-filter>
102-->[androidx.profileinstaller:profileinstaller:1.3.1] AndroidManifest.xml:43:13-45:29
103                <action android:name="androidx.profileinstaller.action.SKIP_FILE" />
103-->[androidx.profileinstaller:profileinstaller:1.3.1] AndroidManifest.xml:44:17-85
103-->[androidx.profileinstaller:profileinstaller:1.3.1] AndroidManifest.xml:44:25-82
104            </intent-filter>
105            <intent-filter>
105-->[androidx.profileinstaller:profileinstaller:1.3.1] AndroidManifest.xml:46:13-48:29
106                <action android:name="androidx.profileinstaller.action.SAVE_PROFILE" />
106-->[androidx.profileinstaller:profileinstaller:1.3.1] AndroidManifest.xml:47:17-88
106-->[androidx.profileinstaller:profileinstaller:1.3.1] AndroidManifest.xml:47:25-85
107            </intent-filter>
108            <intent-filter>
108-->[androidx.profileinstaller:profileinstaller:1.3.1] AndroidManifest.xml:49:13-51:29
109                <action android:name="androidx.profileinstaller.action.BENCHMARK_OPERATION" />
109-->[androidx.profileinstaller:profileinstaller:1.3.1] AndroidManifest.xml:50:17-95
109-->[androidx.profileinstaller:profileinstaller:1.3.1] AndroidManifest.xml:50:25-92
110            </intent-filter>
111        </receiver>
112    </application>
113
114</manifest>